  character.cpp
e:\1folders\outlaw\outlaw\outlaw\wave.h(2): warning C4005: _WIN32_WINNT: изменение макроопределения
  c:\program files (x86)\windows kits\10\include\10.0.16299.0\shared\sdkddkver.h(215): note: см. предыдущее определение "_WIN32_WINNT"
e:\1folders\outlaw\outlaw\outlaw\character.cpp(81): warning C4244: аргумент: преобразование "double" в "GLfloat", возможна потеря данных
e:\1folders\outlaw\outlaw\outlaw\character.cpp(82): warning C4244: аргумент: преобразование "double" в "GLfloat", возможна потеря данных
e:\1folders\outlaw\outlaw\outlaw\character.cpp(83): warning C4244: аргумент: преобразование "double" в "GLfloat", возможна потеря данных
e:\1folders\outlaw\outlaw\outlaw\character.cpp(84): warning C4244: аргумент: преобразование "double" в "GLfloat", возможна потеря данных
e:\1folders\outlaw\outlaw\outlaw\character.cpp(93): warning C4244: аргумент: преобразование "double" в "GLfloat", возможна потеря данных
e:\1folders\outlaw\outlaw\outlaw\character.cpp(94): warning C4244: аргумент: преобразование "double" в "GLfloat", возможна потеря данных
e:\1folders\outlaw\outlaw\outlaw\character.cpp(95): warning C4244: аргумент: преобразование "double" в "GLfloat", возможна потеря данных
e:\1folders\outlaw\outlaw\outlaw\character.cpp(96): warning C4244: аргумент: преобразование "double" в "GLfloat", возможна потеря данных
e:\1folders\outlaw\outlaw\outlaw\character.cpp(105): warning C4244: аргумент: преобразование "double" в "GLfloat", возможна потеря данных
e:\1folders\outlaw\outlaw\outlaw\character.cpp(106): warning C4244: аргумент: преобразование "double" в "GLfloat", возможна потеря данных
e:\1folders\outlaw\outlaw\outlaw\character.cpp(107): warning C4244: аргумент: преобразование "double" в "GLfloat", возможна потеря данных
e:\1folders\outlaw\outlaw\outlaw\character.cpp(108): warning C4244: аргумент: преобразование "double" в "GLfloat", возможна потеря данных
e:\1folders\outlaw\outlaw\outlaw\character.cpp(117): warning C4244: аргумент: преобразование "double" в "GLfloat", возможна потеря данных
e:\1folders\outlaw\outlaw\outlaw\character.cpp(118): warning C4244: аргумент: преобразование "double" в "GLfloat", возможна потеря данных
e:\1folders\outlaw\outlaw\outlaw\character.cpp(119): warning C4244: аргумент: преобразование "double" в "GLfloat", возможна потеря данных
e:\1folders\outlaw\outlaw\outlaw\character.cpp(120): warning C4244: аргумент: преобразование "double" в "GLfloat", возможна потеря данных
  Outlaw.vcxproj -> E:\1Folders\Outlaw\Outlaw\Debug\Outlaw.exe
